0 verbose cli [
0 verbose cli   '/usr/local/bin/node',
0 verbose cli   '/usr/local/bin/npm',
0 verbose cli   'install',
0 verbose cli   '--ignore-scripts',
0 verbose cli   'types-registry@latest'
0 verbose cli ]
1 info using npm@8.5.5
2 info using node@v16.15.0
3 timing npm:load:whichnode Completed in 0ms
4 timing config:load:defaults Completed in 1ms
5 timing config:load:file:/usr/local/lib/node_modules/npm/npmrc Completed in 1ms
6 timing config:load:builtin Completed in 1ms
7 timing config:load:cli Completed in 1ms
8 timing config:load:env Completed in 1ms
9 timing config:load:file:/Users/admin/Library/Caches/typescript/4.6/.npmrc Completed in 0ms
10 timing config:load:project Completed in 2ms
11 timing config:load:file:/Users/admin/.npmrc Completed in 0ms
12 timing config:load:user Completed in 0ms
13 timing config:load:file:/usr/local/etc/npmrc Completed in 0ms
14 timing config:load:global Completed in 0ms
15 timing config:load:validate Completed in 0ms
16 timing config:load:credentials Completed in 0ms
17 timing config:load:setEnvs Completed in 0ms
18 timing config:load Completed in 8ms
19 timing npm:load:configload Completed in 8ms
20 timing npm:load:setTitle Completed in 8ms
21 timing config:load:flatten Completed in 1ms
22 timing npm:load:display Completed in 2ms
23 verbose logfile /Users/admin/.npm/_logs/2022-06-07T16_40_11_438Z-debug-0.log
24 timing npm:load:logFile Completed in 3ms
25 timing npm:load:timers Completed in 0ms
26 timing npm:load:configScope Completed in 0ms
27 timing npm:load Completed in 22ms
28 timing arborist:ctor Completed in 0ms
29 silly logfile start cleaning logs, removing 1 files
30 timing idealTree:init Completed in 16ms
31 timing arborist:ctor Completed in 0ms
32 http fetch GET 200 https://registry.npmjs.org/types-registry 375ms (cache updated)
33 timing idealTree:userRequests Completed in 378ms
34 silly idealTree buildDeps
35 silly fetch manifest types-registry@0.1.595
36 silly placeDep ROOT types-registry@0.1.595 REPLACE for:  want: 0.1.595
37 timing idealTree:#root Completed in 2ms
38 timing idealTree:node_modules/types-registry Completed in 0ms
39 timing idealTree:buildDeps Completed in 3ms
40 timing idealTree:fixDepFlags Completed in 0ms
41 timing idealTree Completed in 399ms
42 timing reify:loadTrees Completed in 399ms
43 timing reify:diffTrees Completed in 1ms
44 silly reify mark retired [
44 silly reify   '/Users/admin/Library/Caches/typescript/4.6/node_modules/types-registry'
44 silly reify ]
45 silly reify moves {
45 silly reify   '/Users/admin/Library/Caches/typescript/4.6/node_modules/types-registry': '/Users/admin/Library/Caches/typescript/4.6/node_modules/.types-registry-aKm0LUjF'
45 silly reify }
46 timing reify:retireShallow Completed in 2ms
47 timing reify:createSparse Completed in 0ms
48 timing reify:loadBundles Completed in 0ms
49 silly audit bulk request {
49 silly audit   '@popperjs/core': [ '2.11.5' ],
49 silly audit   '@types/bootstrap': [ '5.1.12' ],
49 silly audit   '@types/jest': [ '27.5.1' ],
49 silly audit   '@types/prop-types': [ '15.7.5' ],
49 silly audit   '@types/react': [ '18.0.9' ],
49 silly audit   '@types/react-dom': [ '18.0.5' ],
49 silly audit   '@types/scheduler': [ '0.16.2' ],
49 silly audit   '@types/testing-library__jest-dom': [ '5.14.3' ],
49 silly audit   'ansi-regex': [ '5.0.1' ],
49 silly audit   'ansi-styles': [ '4.3.0', '5.2.0' ],
49 silly audit   chalk: [ '4.1.2' ],
49 silly audit   'color-convert': [ '2.0.1' ],
49 silly audit   'color-name': [ '1.1.4' ],
49 silly audit   csstype: [ '3.1.0' ],
49 silly audit   'diff-sequences': [ '27.5.1' ],
49 silly audit   'has-flag': [ '4.0.0' ],
49 silly audit   'jest-diff': [ '27.5.1' ],
49 silly audit   'jest-get-type': [ '27.5.1' ],
49 silly audit   'jest-matcher-utils': [ '27.5.1' ],
49 silly audit   'pretty-format': [ '27.5.1' ],
49 silly audit   'react-is': [ '17.0.2' ],
49 silly audit   'supports-color': [ '7.2.0' ],
49 silly audit   'types-registry': [ '0.1.595' ]
49 silly audit }
50 silly tarball no local data for types-registry@https://registry.npmjs.org/types-registry/-/types-registry-0.1.595.tgz. Extracting by manifest.
51 http fetch GET 200 https://registry.npmjs.org/types-registry/-/types-registry-0.1.595.tgz 241ms (cache miss)
52 timing reifyNode:node_modules/types-registry Completed in 244ms
53 timing reify:unpack Completed in 244ms
54 timing reify:unretire Completed in 0ms
55 timing build:queue Completed in 0ms
56 timing build:deps Completed in 0ms
57 timing build Completed in 0ms
58 timing reify:build Completed in 1ms
59 timing reify:trash Completed in 1ms
60 timing reify:save Completed in 5ms
61 http fetch POST 200 https://registry.npmjs.org/-/npm/v1/security/advisories/bulk 270ms
62 timing auditReport:getReport Completed in 271ms
63 silly audit report {}
64 timing auditReport:init Completed in 0ms
65 timing reify:audit Completed in 271ms
66 timing reify Completed in 675ms
67 silly CHANGE node_modules/types-registry
68 timing command:install Completed in 678ms
69 verbose exit 0
70 timing npm Completed in 819ms
71 info ok
